Importer Log Report
Document: E:\vscode\MiniRoverShield\PCB\MiniRoverShield.kicad_pcb
    Section : Analyze Document from - E:\vscode\MiniRoverShield\PCB\MiniRoverShield.kicad_pcb
        Warning: Unknown layer B.Paste of layers.
        Warning: Unknown layer B.Paste of layers.
        Error: Cannot build line from node 'fp_line' because layer is undefined.
        Error: Cannot build line from node 'fp_line' because layer is undefined.
        Error: Cannot build line from node 'fp_line' because layer is undefined.
        Error: Cannot build line from node 'fp_line' because layer is undefined.
        Warning: Unknown layer B.Paste of layers.
        Warning: Unknown layer B.Paste of layers.
        Error: Cannot build line from node 'fp_line' because layer is undefined.
        Error: Cannot build line from node 'fp_line' because layer is undefined.
        Error: Cannot build line from node 'fp_line' because layer is undefined.
        Error: Cannot build line from node 'fp_line' because layer is undefined.
        Error: Cannot build line from node 'fp_line' because layer is undefined.
        Warning: Unknown layer B.Paste of layers.
        Warning: Unknown layer B.Paste of layers.
        Warning: Unknown layer B.Paste of layers.
        Warning: Unknown layer B.Paste of layers.
        Warning: Unknown layer B.Paste of layers.
        Warning: Unknown layer B.Paste of layers.
        Warning: Unknown layer B.Paste of layers.
        Warning: Unknown layer B.Paste of layers.
        Error: Cannot build line from node 'fp_line' because layer is undefined.
        Error: Cannot build line from node 'fp_line' because layer is undefined.
        Error: Cannot build line from node 'fp_line' because layer is undefined.
        Error: Cannot build line from node 'fp_line' because layer is undefined.
        Error: Cannot build line from node 'fp_line' because layer is undefined.
        Warning: Unknown layer B.Paste of layers.
        Warning: Unknown layer B.Paste of layers.
        Warning: Unknown layer B.Paste of layers.
        Warning: Unknown layer B.Paste of layers.
        Warning: Unknown layer B.Paste of layers.
        Warning: Unknown layer B.Paste of layers.
        Warning: Unknown layer B.Paste of layers.
        Warning: Unknown layer B.Paste of layers.
        Error: Cannot build line from node 'fp_line' because layer is undefined.
        Error: Cannot build line from node 'fp_line' because layer is undefined.
        Error: Cannot build line from node 'fp_line' because layer is undefined.
        Error: Cannot build line from node 'fp_line' because layer is undefined.
        Error: Cannot build line from node 'fp_line' because layer is undefined.
        Warning: Unknown layer B.Paste of layers.
        Warning: Unknown layer B.Paste of layers.
        Warning: Unknown layer B.Paste of layers.
        Warning: Unknown layer B.Paste of layers.
        Warning: Unknown layer B.Paste of layers.
        Warning: Unknown layer B.Paste of layers.
        Warning: Unknown layer B.Paste of layers.
        Warning: Unknown layer B.Paste of layers.
        Error: Cannot build line from node 'fp_line' because layer is undefined.
        Error: Cannot build line from node 'fp_line' because layer is undefined.
        Error: Cannot build line from node 'fp_line' because layer is undefined.
        Error: Cannot build line from node 'fp_line' because layer is undefined.
        Error: Cannot build line from node 'fp_line' because layer is undefined.
        Warning: Unknown layer B.Paste of layers.
        Warning: Unknown layer B.Paste of layers.
        Error: Cannot build line from node 'fp_line' because layer is undefined.
        Error: Cannot build line from node 'fp_line' because layer is undefined.
        Error: Cannot build line from node 'fp_line' because layer is undefined.
        Error: Cannot build line from node 'fp_line' because layer is undefined.
        Error: Cannot build line from node 'fp_line' because layer is undefined.
        Warning: Unknown layer B.Paste of layers.
        Warning: Unknown layer B.Paste of layers.
        Error: Cannot build line from node 'fp_line' because layer is undefined.
        Error: Cannot build line from node 'fp_line' because layer is undefined.
        Error: Cannot build line from node 'fp_line' because layer is undefined.
        Error: Cannot build line from node 'fp_line' because layer is undefined.
        Warning: Unknown layer B.Paste of layers.
        Warning: Unknown layer B.Paste of layers.
        Error: Cannot build line from node 'fp_line' because layer is undefined.
        Error: Cannot build line from node 'fp_line' because layer is undefined.
        Error: Cannot build line from node 'fp_line' because layer is undefined.
        Error: Cannot build line from node 'fp_line' because layer is undefined.
        Warning: Unknown layer B.Paste of layers.
        Warning: Unknown layer B.Paste of layers.
        Error: Cannot build line from node 'fp_line' because layer is undefined.
        Error: Cannot build line from node 'fp_line' because layer is undefined.
        Error: Cannot build line from node 'fp_line' because layer is undefined.
        Error: Cannot build line from node 'fp_line' because layer is undefined.
        Warning: Unknown layer B.Paste of layers.
        Warning: Unknown layer B.Paste of layers.
        Error: Cannot build line from node 'fp_line' because layer is undefined.
        Error: Cannot build line from node 'fp_line' because layer is undefined.
        Error: Cannot build line from node 'fp_line' because layer is undefined.
        Error: Cannot build line from node 'fp_line' because layer is undefined.
        Warning: Unknown layer B.Paste of layers.
        Warning: Unknown layer B.Paste of layers.
        Error: Cannot build line from node 'fp_line' because layer is undefined.
        Error: Cannot build line from node 'fp_line' because layer is undefined.
        Error: Cannot build line from node 'fp_line' because layer is undefined.
        Error: Cannot build line from node 'fp_line' because layer is undefined.
        Error: Cannot build line from node 'fp_line' because layer is undefined.
        Error: Cannot build line from node 'fp_line' because layer is undefined.
        Error: Cannot build line from node 'fp_line' because layer is undefined.
        Error: Cannot build line from node 'fp_line' because layer is undefined.
        Error: Cannot build line from node 'fp_line' because layer is undefined.
        Error: Cannot build line from node 'fp_line' because layer is undefined.
        Error: Cannot build line from node 'fp_line' because layer is undefined.
        Error: Cannot build line from node 'fp_line' because layer is undefined.
        Error: Cannot build line from node 'fp_line' because layer is undefined.
        Error: Cannot build line from node 'fp_line' because layer is undefined.
        Error: Cannot build line from node 'fp_line' because layer is undefined.
        Error: Cannot build line from node 'fp_line' because layer is undefined.
        Error: Cannot build line from node 'fp_line' because layer is undefined.
        Error: Cannot build line from node 'fp_line' because layer is undefined.
        Error: Cannot build line from node 'fp_line' because layer is undefined.
        Error: Cannot build line from node 'fp_line' because layer is undefined.
        Error: Cannot build line from node 'fp_line' because layer is undefined.
        Error: Cannot build line from node 'fp_line' because layer is undefined.
        Error: Cannot build line from node 'fp_line' because layer is undefined.
        Error: Cannot build line from node 'fp_line' because layer is undefined.
        Error: Cannot build line from node 'fp_line' because layer is undefined.
        Error: Cannot build line from node 'fp_line' because layer is undefined.
        Error: Cannot build line from node 'fp_line' because layer is undefined.
        Error: Cannot build line from node 'fp_line' because layer is undefined.
        Error: Cannot build line from node 'fp_line' because layer is undefined.
        Error: Cannot build line from node 'fp_line' because layer is undefined.
        Error: Cannot build line from node 'fp_line' because layer is undefined.
        Error: Cannot build line from node 'fp_line' because layer is undefined.
        Error: Cannot build line from node 'fp_line' because layer is undefined.
        Error: Cannot build line from node 'fp_line' because layer is undefined.
        Warning: Unknown layer B.Paste of layers.
        Warning: Unknown layer B.Paste of layers.
        Warning: Unknown layer B.Paste of layers.
        Warning: Unknown layer B.Paste of layers.
        Warning: Unknown layer B.Paste of layers.
        Warning: Unknown layer B.Paste of layers.
        Warning: Unknown layer B.Paste of layers.
        Warning: Unknown layer B.Paste of layers.
        Warning: Unknown layer B.Paste of layers.
        Warning: Unknown layer B.Paste of layers.
        Warning: Unknown layer B.Paste of layers.
        Warning: Unknown layer B.Paste of layers.
        Warning: Unknown layer B.Paste of layers.
        Warning: Unknown layer B.Paste of layers.
        Warning: Unknown layer B.Paste of layers.
        Warning: Unknown layer B.Paste of layers.
        Warning: Unknown layer B.Paste of layers.
        Warning: Unknown layer B.Paste of layers.
        Warning: Unknown layer B.Paste of layers.
        Warning: Unknown layer B.Paste of layers.
        Warning: Unknown layer B.Paste of layers.
        Warning: Unknown layer B.Paste of layers.
        Warning: Unknown layer B.Paste of layers.
        Warning: Unknown layer B.Paste of layers.
        Warning: Unknown layer B.Paste of layers.
        Warning: Unknown layer B.Paste of layers.
        Warning: Unknown layer B.Paste of layers.
        Warning: Unknown layer B.Paste of layers.
        Error: Cannot build line from node 'fp_line' because layer is undefined.
        Error: Cannot build line from node 'fp_line' because layer is undefined.
        Error: Cannot build line from node 'fp_line' because layer is undefined.
        Error: Cannot build line from node 'fp_line' because layer is undefined.
        Error: Cannot build line from node 'fp_line' because layer is undefined.
        Warning: Unknown layer B.Paste of layers.
        Warning: Unknown layer B.Paste of layers.
        Warning: Unknown layer B.Paste of layers.
        Error: Cannot build line from node 'fp_line' because layer is undefined.
        Error: Cannot build line from node 'fp_line' because layer is undefined.
        Error: Cannot build line from node 'fp_line' because layer is undefined.
        Error: Cannot build line from node 'fp_line' because layer is undefined.
        Warning: Unknown layer B.Paste of layers.
        Warning: Unknown layer B.Paste of layers.
        Error: Cannot build line from node 'fp_line' because layer is undefined.
        Error: Cannot build line from node 'fp_line' because layer is undefined.
        Error: Cannot build line from node 'fp_line' because layer is undefined.
        Error: Cannot build line from node 'fp_line' because layer is undefined.
        Warning: Unknown layer B.Paste of layers.
        Warning: Unknown layer B.Paste of layers.
        Error: Cannot build line from node 'fp_line' because layer is undefined.
        Error: Cannot build line from node 'fp_line' because layer is undefined.
        Error: Cannot build line from node 'fp_line' because layer is undefined.
        Error: Cannot build line from node 'fp_line' because layer is undefined.
        Warning: Unknown layer B.Paste of layers.
        Warning: Unknown layer B.Paste of layers.
        Error: Cannot build line from node 'fp_line' because layer is undefined.
        Error: Cannot build line from node 'fp_line' because layer is undefined.
        Error: Cannot build line from node 'fp_line' because layer is undefined.
        Error: Cannot build line from node 'fp_line' because layer is undefined.
        Warning: Unknown layer B.Paste of layers.
        Warning: Unknown layer B.Paste of layers.
        Error: Cannot build line from node 'fp_line' because layer is undefined.
        Error: Cannot build line from node 'fp_line' because layer is undefined.
        Error: Cannot build line from node 'fp_line' because layer is undefined.
        Error: Cannot build line from node 'fp_line' because layer is undefined.
        Warning: Unknown layer B.Paste of layers.
        Warning: Unknown layer B.Paste of layers.
        Error: Cannot build line from node 'fp_line' because layer is undefined.
        Error: Cannot build line from node 'fp_line' because layer is undefined.
        Error: Cannot build line from node 'fp_line' because layer is undefined.
        Error: Cannot build line from node 'fp_line' because layer is undefined.
        Warning: Unknown layer B.Paste of layers.
        Warning: Unknown layer B.Paste of layers.
        Error: Cannot build line from node 'fp_line' because layer is undefined.
        Error: Cannot build line from node 'fp_line' because layer is undefined.
        Error: Cannot build line from node 'fp_line' because layer is undefined.
        Error: Cannot build line from node 'fp_line' because layer is undefined.
        Warning: Unknown layer B.Paste of layers.
        Warning: Unknown layer B.Paste of layers.
        Error: Cannot build line from node 'fp_line' because layer is undefined.
        Error: Cannot build line from node 'fp_line' because layer is undefined.
        Error: Cannot build line from node 'fp_line' because layer is undefined.
        Error: Cannot build line from node 'fp_line' because layer is undefined.
        Warning: Unknown layer B.Paste of layers.
        Warning: Unknown layer B.Paste of layers.
        Error: Cannot build line from node 'fp_line' because layer is undefined.
        Error: Cannot build line from node 'fp_line' because layer is undefined.
        Error: Cannot build line from node 'fp_line' because layer is undefined.
        Error: Cannot build line from node 'fp_line' because layer is undefined.
        Warning: Unknown layer B.Paste of layers.
        Warning: Unknown layer B.Paste of layers.
        Error: Cannot build line from node 'fp_line' because layer is undefined.
        Error: Cannot build line from node 'fp_line' because layer is undefined.
        Error: Cannot build line from node 'fp_line' because layer is undefined.
        Error: Cannot build line from node 'fp_line' because layer is undefined.
        Warning: Unknown layer B.Paste of layers.
        Warning: Unknown layer B.Paste of layers.
        Warning: Pad name is empty, autogenerated name 'Un1' assigned to pad pad.
        Warning: Pad name is empty, autogenerated name 'Un2' assigned to pad pad.
        Warning: Unknown layer F.Paste of layers.
        Warning: Unknown layer F.Paste of layers.
        Warning: Unknown layer F.Paste of layers.
        Warning: Unknown layer F.Paste of layers.
        Warning: Unknown layer F.Paste of layers.
        Warning: Unknown layer F.Paste of layers.
        Warning: Unknown layer F.Paste of layers.
        Warning: Unknown layer F.Paste of layers.
        Warning: Unknown layer F.Paste of layers.
        Warning: Unknown layer F.Paste of layers.
        Warning: Unknown layer F.Paste of layers.
        Warning: Unknown layer F.Paste of layers.
        Warning: Unknown layer F.Paste of layers.
        Warning: Unknown layer F.Paste of layers.
        Warning: Unknown layer F.Paste of layers.
        Warning: Unknown layer F.Paste of layers.
        Warning: Unknown layer F.Paste of layers.
        Warning: Unknown layer F.Paste of layers.
        Warning: Unknown layer F.Paste of layers.
        Warning: Unknown layer F.Paste of layers.
        Error: Cannot build line from node 'fp_line' because layer is undefined.
        Error: Cannot build line from node 'fp_line' because layer is undefined.
        Error: Cannot build line from node 'fp_line' because layer is undefined.
        Error: Cannot build line from node 'fp_line' because layer is undefined.
        Error: Cannot build line from node 'fp_line' because layer is undefined.
        Error: Cannot build line from node 'fp_line' because layer is undefined.
        Error: Cannot build line from node 'fp_line' because layer is undefined.
        Error: Cannot build line from node 'fp_line' because layer is undefined.
        Error: Cannot build line from node 'fp_line' because layer is undefined.
        Error: Cannot build line from node 'fp_line' because layer is undefined.
        Error: Cannot build line from node 'fp_line' because layer is undefined.
        Error: Cannot build line from node 'fp_line' because layer is undefined.
        Error: Cannot build line from node 'fp_line' because layer is undefined.
        Error: Cannot build line from node 'fp_line' because layer is undefined.
        Error: Cannot build line from node 'fp_line' because layer is undefined.
        Error: Cannot build line from node 'fp_line' because layer is undefined.
        Error: Cannot build line from node 'fp_line' because layer is undefined.
        Error: Cannot build line from node 'fp_line' because layer is undefined.
        Error: Cannot build line from node 'fp_line' because layer is undefined.
        Error: Cannot build line from node 'fp_line' because layer is undefined.
        Error: Cannot build line from node 'fp_line' because layer is undefined.
        Error: Cannot build line from node 'fp_line' because layer is undefined.
        Error: Cannot build line from node 'fp_arc' because layer is undefined.
        Error: Cannot build line from node 'fp_arc' because layer is undefined.
        Error: Cannot build line from node 'fp_arc' because layer is undefined.
        Error: Cannot build line from node 'fp_arc' because layer is undefined.
        Warning: Unknown layer B.Paste of layers.
        Warning: Unknown layer B.Paste of layers.
        Warning: Unknown layer B.Paste of layers.
        Warning: Unknown layer B.Paste of layers.
        Warning: Unknown layer B.Paste of layers.
        Warning: Unknown layer B.Paste of layers.
        Warning: Unknown layer B.Paste of layers.
        Warning: Unknown layer B.Paste of layers.
        Warning: Unknown layer B.Paste of layers.
        Warning: Unknown layer B.Paste of layers.
        Warning: Unknown layer B.Paste of layers.
        Warning: Unknown layer B.Paste of layers.
        Warning: Unknown layer B.Paste of layers.
        Warning: Unknown layer B.Paste of layers.
        Error: Cannot build line from node 'fp_line' because layer is undefined.
        Error: Cannot build line from node 'fp_line' because layer is undefined.
        Error: Cannot build line from node 'fp_line' because layer is undefined.
        Error: Cannot build line from node 'fp_line' because layer is undefined.
        Error: Cannot build line from node 'fp_line' because layer is undefined.
        Warning: Pad name is empty, autogenerated name 'Un1' assigned to pad pad.
        Warning: Pad name is empty, autogenerated name 'Un2' assigned to pad pad.
        Warning: Unknown child 'target' of 'kicad_pcb'.
        Warning: Unknown child tstamp of gr_poly.
    EndSection
    Section : Import Document - E:\vscode\MiniRoverShield\Imported MiniRoverShield\MiniRoverShield(1).PcbDoc
        Section : Component L1 importing.
        EndSection
        Section : Component C3 importing.
        EndSection
        Section : Component Q1 importing.
        EndSection
        Section : Component U4 importing.
        EndSection
        Section : Component U3 importing.
        EndSection
        Section : Component D2 importing.
        EndSection
        Section : Component D1 importing.
        EndSection
        Section : Component C1 importing.
        EndSection
        Section : Component C2 importing.
        EndSection
        Section : Component C4 importing.
        EndSection
        Section : Component C5 importing.
        EndSection
        Section : Component M1 importing.
        EndSection
        Section : Component M2 importing.
        EndSection
        Section : Component J1 importing.
        EndSection
        Section : Component U1 importing.
        EndSection
        Section : Component Q2 importing.
        EndSection
        Section : Component R3 importing.
        EndSection
        Section : Component R14 importing.
        EndSection
        Section : Component R13 importing.
        EndSection
        Section : Component R5 importing.
        EndSection
        Section : Component R8 importing.
        EndSection
        Section : Component R4 importing.
        EndSection
        Section : Component R2 importing.
        EndSection
        Section : Component R1 importing.
        EndSection
        Section : Component R7 importing.
        EndSection
        Section : Component R6 importing.
        EndSection
        Section : Component N1 importing.
        EndSection
        Section : Component P3 importing.
        EndSection
        Section : Component P2 importing.
        EndSection
        Section : Component BT1 importing.
        EndSection
        Section : Component SD1 importing.
        EndSection
        Section : Component P1 importing.
        EndSection
        Section : Component SW1 importing.
        EndSection
    EndSection
